2024-11-17 19:38:20.511 GMT [49]     LOG:  00000: starting PostgreSQL 17.1 (Debian 17.1-1.pgdg120+1) on x86_64-pc-linux-gnu, compiled by gcc (Debian 12.2.0-14) 12.2.0, 64-bit
2024-11-17 19:38:20.511 GMT [49]     LOCATION:  PostmasterMain, postmaster.c:1080
2024-11-17 19:38:20.517 GMT [49]     LOG:  00000: listening on Unix socket "/var/run/postgresql/.s.PGSQL.5432"
2024-11-17 19:38:20.517 GMT [49]     LOCATION:  ListenServerPort, pqcomm.c:657
2024-11-17 19:38:20.610 GMT [53]     LOG:  00000: database system was shut down at 2024-11-17 19:38:15 GMT
2024-11-17 19:38:20.610 GMT [53]     LOCATION:  StartupXLOG, xlog.c:5445
2024-11-17 19:38:20.722 GMT [49]     LOG:  00000: database system is ready to accept connections
2024-11-17 19:38:20.722 GMT [49]     LOCATION:  process_pm_child_exit, postmaster.c:2483
2024-11-17 19:38:21.105 GMT [59] postgres postgres psql [local] LOG:  00000: statement: SELECT 1 FROM pg_database WHERE datname = 'books_db_dev' ;
2024-11-17 19:38:21.105 GMT [59] postgres postgres psql [local] LOCATION:  exec_simple_query, postgres.c:1075
2024-11-17 19:38:21.144 GMT [59] postgres postgres psql [local] LOG:  00000: AUDIT: SESSION,1,1,READ,SELECT,,,SELECT 1 FROM pg_database WHERE datname = 'books_db_dev',<not logged>
2024-11-17 19:38:21.144 GMT [59] postgres postgres psql [local] LOCATION:  log_audit_event, pgaudit.c:875
2024-11-17 19:38:21.147 GMT [59] postgres postgres psql [local] LOG:  00000: duration: 42.043 ms
2024-11-17 19:38:21.147 GMT [59] postgres postgres psql [local] LOCATION:  exec_simple_query, postgres.c:1368
2024-11-17 19:38:21.240 GMT [61] postgres postgres psql [local] LOG:  00000: statement: CREATE DATABASE "books_db_dev" ;
2024-11-17 19:38:21.240 GMT [61] postgres postgres psql [local] LOCATION:  exec_simple_query, postgres.c:1075
2024-11-17 19:38:23.377 GMT [61] postgres postgres psql [local] LOG:  00000: AUDIT: SESSION,1,1,DDL,CREATE DATABASE,,,"CREATE DATABASE ""books_db_dev""",<not logged>
2024-11-17 19:38:23.377 GMT [61] postgres postgres psql [local] LOCATION:  log_audit_event, pgaudit.c:875
2024-11-17 19:38:23.767 GMT [61] postgres postgres psql [local] LOG:  00000: duration: 2526.419 ms
2024-11-17 19:38:23.767 GMT [61] postgres postgres psql [local] LOCATION:  exec_simple_query, postgres.c:1368
2024-11-17 19:38:23.782 GMT [49]     LOG:  00000: received fast shutdown request
2024-11-17 19:38:23.782 GMT [49]     LOCATION:  process_pm_shutdown_request, postmaster.c:2273
2024-11-17 19:38:23.787 GMT [49]     LOG:  00000: aborting any active transactions
2024-11-17 19:38:23.787 GMT [49]     LOCATION:  process_pm_shutdown_request, postmaster.c:2291
2024-11-17 19:38:23.805 GMT [49]     LOG:  00000: background worker "logical replication launcher" (PID 56) exited with exit code 1
2024-11-17 19:38:23.805 GMT [49]     LOCATION:  LogChildExit, postmaster.c:3076
2024-11-17 19:38:23.807 GMT [51]     LOG:  00000: shutting down
2024-11-17 19:38:23.807 GMT [51]     LOCATION:  ShutdownXLOG, xlog.c:6611
2024-11-17 19:38:23.813 GMT [51]     LOG:  00000: checkpoint starting: shutdown immediate
2024-11-17 19:38:23.813 GMT [51]     LOCATION:  LogCheckpointStart, xlog.c:6661
2024-11-17 19:38:24.797 GMT [51]     LOG:  00000: checkpoint complete: wrote 921 buffers (5.6%); 0 WAL file(s) added, 0 removed, 0 recycled; write=0.599 s, sync=0.337 s, total=0.990 s; sync files=301, longest=0.004 s, average=0.002 s; distance=4238 kB, estimate=4238 kB; lsn=0/1908980, redo lsn=0/1908980
2024-11-17 19:38:24.797 GMT [51]     LOCATION:  LogCheckpointEnd, xlog.c:6750
2024-11-17 19:38:24.965 GMT [49]     LOG:  00000: database system is shut down
2024-11-17 19:38:24.965 GMT [49]     LOCATION:  UnlinkLockFiles, miscinit.c:1171
