2024-11-18 00:20:36.613 GMT [1]     LOG:  00000: starting PostgreSQL 17.1 (Debian 17.1-1.pgdg120+1) on x86_64-pc-linux-gnu, compiled by gcc (Debian 12.2.0-14) 12.2.0, 64-bit
2024-11-18 00:20:36.613 GMT [1]     LOCATION:  PostmasterMain, postmaster.c:1080
2024-11-18 00:20:36.614 GMT [1]     LOG:  00000: listening on IPv4 address "0.0.0.0", port 5432
2024-11-18 00:20:36.614 GMT [1]     LOCATION:  ListenServerPort, pqcomm.c:661
2024-11-18 00:20:36.614 GMT [1]     LOG:  00000: listening on IPv6 address "::", port 5432
2024-11-18 00:20:36.614 GMT [1]     LOCATION:  ListenServerPort, pqcomm.c:661
2024-11-18 00:20:36.631 GMT [1]     LOG:  00000: listening on Unix socket "/var/run/postgresql/.s.PGSQL.5432"
2024-11-18 00:20:36.631 GMT [1]     LOCATION:  ListenServerPort, pqcomm.c:657
2024-11-18 00:20:36.706 GMT [30]     LOG:  00000: database system was shut down at 2024-11-18 00:20:18 GMT
2024-11-18 00:20:36.706 GMT [30]     LOCATION:  StartupXLOG, xlog.c:5445
2024-11-18 00:20:36.798 GMT [1]     LOG:  00000: database system is ready to accept connections
2024-11-18 00:20:36.798 GMT [1]     LOCATION:  process_pm_child_exit, postmaster.c:2483
2024-11-18 00:22:39.082 GMT [1]     LOG:  00000: received fast shutdown request
2024-11-18 00:22:39.082 GMT [1]     LOCATION:  process_pm_shutdown_request, postmaster.c:2273
2024-11-18 00:22:39.096 GMT [1]     LOG:  00000: aborting any active transactions
2024-11-18 00:22:39.096 GMT [1]     LOCATION:  process_pm_shutdown_request, postmaster.c:2291
2024-11-18 00:22:39.109 GMT [1]     LOG:  00000: background worker "logical replication launcher" (PID 33) exited with exit code 1
2024-11-18 00:22:39.109 GMT [1]     LOCATION:  LogChildExit, postmaster.c:3076
2024-11-18 00:22:39.111 GMT [28]     LOG:  00000: shutting down
2024-11-18 00:22:39.111 GMT [28]     LOCATION:  ShutdownXLOG, xlog.c:6611
2024-11-18 00:22:39.119 GMT [28]     LOG:  00000: checkpoint starting: shutdown immediate
2024-11-18 00:22:39.119 GMT [28]     LOCATION:  LogCheckpointStart, xlog.c:6661
2024-11-18 00:22:39.272 GMT [28]     LOG:  00000: checkpoint complete: wrote 3 buffers (0.0%); 0 WAL file(s) added, 0 removed, 0 recycled; write=0.050 s, sync=0.016 s, total=0.162 s; sync files=2, longest=0.009 s, average=0.008 s; distance=0 kB, estimate=0 kB; lsn=0/1934860, redo lsn=0/1934860
2024-11-18 00:22:39.272 GMT [28]     LOCATION:  LogCheckpointEnd, xlog.c:6750
2024-11-18 00:22:39.312 GMT [1]     LOG:  00000: database system is shut down
2024-11-18 00:22:39.312 GMT [1]     LOCATION:  UnlinkLockFiles, miscinit.c:1171
