2024-11-19 21:38:42.543 GMT [1]     LOG:  00000: starting PostgreSQL 17.1 (Debian 17.1-1.pgdg120+1) on x86_64-pc-linux-gnu, compiled by gcc (Debian 12.2.0-14) 12.2.0, 64-bit
2024-11-19 21:38:42.543 GMT [1]     LOCATION:  PostmasterMain, postmaster.c:1080
2024-11-19 21:38:42.550 GMT [1]     LOG:  00000: listening on IPv4 address "0.0.0.0", port 5432
2024-11-19 21:38:42.550 GMT [1]     LOCATION:  ListenServerPort, pqcomm.c:661
2024-11-19 21:38:42.551 GMT [1]     LOG:  00000: listening on IPv6 address "::", port 5432
2024-11-19 21:38:42.551 GMT [1]     LOCATION:  ListenServerPort, pqcomm.c:661
2024-11-19 21:38:42.678 GMT [1]     LOG:  00000: listening on Unix socket "/var/run/postgresql/.s.PGSQL.5432"
2024-11-19 21:38:42.678 GMT [1]     LOCATION:  ListenServerPort, pqcomm.c:657
2024-11-19 21:38:47.319 GMT [30]     LOG:  00000: database system was shut down at 2024-11-19 19:57:44 GMT
2024-11-19 21:38:47.319 GMT [30]     LOCATION:  StartupXLOG, xlog.c:5445
2024-11-19 21:38:49.846 GMT [1]     LOG:  00000: database system is ready to accept connections
2024-11-19 21:38:49.846 GMT [1]     LOCATION:  process_pm_child_exit, postmaster.c:2483
2024-11-19 21:41:10.137 GMT [1]     LOG:  00000: received fast shutdown request
2024-11-19 21:41:10.137 GMT [1]     LOCATION:  process_pm_shutdown_request, postmaster.c:2273
2024-11-19 21:41:10.293 GMT [1]     LOG:  00000: aborting any active transactions
2024-11-19 21:41:10.293 GMT [1]     LOCATION:  process_pm_shutdown_request, postmaster.c:2291
2024-11-19 21:41:10.471 GMT [1]     LOG:  00000: background worker "logical replication launcher" (PID 33) exited with exit code 1
2024-11-19 21:41:10.471 GMT [1]     LOCATION:  LogChildExit, postmaster.c:3076
2024-11-19 21:41:10.563 GMT [28]     LOG:  00000: shutting down
2024-11-19 21:41:10.563 GMT [28]     LOCATION:  ShutdownXLOG, xlog.c:6611
2024-11-19 21:41:10.798 GMT [28]     LOG:  00000: checkpoint starting: shutdown immediate
2024-11-19 21:41:10.798 GMT [28]     LOCATION:  LogCheckpointStart, xlog.c:6661
