2024-11-18 21:52:23.200 GMT [49]     LOG:  00000: starting PostgreSQL 17.1 (Debian 17.1-1.pgdg120+1) on x86_64-pc-linux-gnu, compiled by gcc (Debian 12.2.0-14) 12.2.0, 64-bit
2024-11-18 21:52:23.200 GMT [49]     LOCATION:  PostmasterMain, postmaster.c:1080
2024-11-18 21:52:23.204 GMT [49]     LOG:  00000: listening on Unix socket "/var/run/postgresql/.s.PGSQL.5432"
2024-11-18 21:52:23.204 GMT [49]     LOCATION:  ListenServerPort, pqcomm.c:657
2024-11-18 21:52:23.243 GMT [53]     LOG:  00000: database system was shut down at 2024-11-18 21:52:19 GMT
2024-11-18 21:52:23.243 GMT [53]     LOCATION:  StartupXLOG, xlog.c:5445
2024-11-18 21:52:23.295 GMT [49]     LOG:  00000: database system is ready to accept connections
2024-11-18 21:52:23.295 GMT [49]     LOCATION:  process_pm_child_exit, postmaster.c:2483
2024-11-18 21:52:23.478 GMT [59] postgres postgres psql [local] LOG:  00000: statement: SELECT 1 FROM pg_database WHERE datname = 'orders_db_dev' ;
2024-11-18 21:52:23.478 GMT [59] postgres postgres psql [local] LOCATION:  exec_simple_query, postgres.c:1075
2024-11-18 21:52:23.508 GMT [59] postgres postgres psql [local] LOG:  00000: AUDIT: SESSION,1,1,READ,SELECT,,,SELECT 1 FROM pg_database WHERE datname = 'orders_db_dev',<not logged>
2024-11-18 21:52:23.508 GMT [59] postgres postgres psql [local] LOCATION:  log_audit_event, pgaudit.c:875
2024-11-18 21:52:23.509 GMT [59] postgres postgres psql [local] LOG:  00000: duration: 30.774 ms
2024-11-18 21:52:23.509 GMT [59] postgres postgres psql [local] LOCATION:  exec_simple_query, postgres.c:1368
2024-11-18 21:52:23.615 GMT [61] postgres postgres psql [local] LOG:  00000: statement: CREATE DATABASE "orders_db_dev" ;
2024-11-18 21:52:23.615 GMT [61] postgres postgres psql [local] LOCATION:  exec_simple_query, postgres.c:1075
2024-11-18 21:52:24.940 GMT [61] postgres postgres psql [local] LOG:  00000: AUDIT: SESSION,1,1,DDL,CREATE DATABASE,,,"CREATE DATABASE ""orders_db_dev""",<not logged>
2024-11-18 21:52:24.940 GMT [61] postgres postgres psql [local] LOCATION:  log_audit_event, pgaudit.c:875
2024-11-18 21:52:25.199 GMT [61] postgres postgres psql [local] LOG:  00000: duration: 1583.283 ms
2024-11-18 21:52:25.199 GMT [61] postgres postgres psql [local] LOCATION:  exec_simple_query, postgres.c:1368
2024-11-18 21:52:25.208 GMT [49]     LOG:  00000: received fast shutdown request
2024-11-18 21:52:25.208 GMT [49]     LOCATION:  process_pm_shutdown_request, postmaster.c:2273
2024-11-18 21:52:25.212 GMT [49]     LOG:  00000: aborting any active transactions
2024-11-18 21:52:25.212 GMT [49]     LOCATION:  process_pm_shutdown_request, postmaster.c:2291
2024-11-18 21:52:25.215 GMT [49]     LOG:  00000: background worker "logical replication launcher" (PID 56) exited with exit code 1
2024-11-18 21:52:25.215 GMT [49]     LOCATION:  LogChildExit, postmaster.c:3076
2024-11-18 21:52:25.216 GMT [51]     LOG:  00000: shutting down
2024-11-18 21:52:25.216 GMT [51]     LOCATION:  ShutdownXLOG, xlog.c:6611
2024-11-18 21:52:25.219 GMT [51]     LOG:  00000: checkpoint starting: shutdown immediate
2024-11-18 21:52:25.219 GMT [51]     LOCATION:  LogCheckpointStart, xlog.c:6661
2024-11-18 21:52:26.010 GMT [51]     LOG:  00000: checkpoint complete: wrote 921 buffers (5.6%); 0 WAL file(s) added, 0 removed, 0 recycled; write=0.474 s, sync=0.285 s, total=0.795 s; sync files=301, longest=0.004 s, average=0.001 s; distance=4238 kB, estimate=4238 kB; lsn=0/1908980, redo lsn=0/1908980
2024-11-18 21:52:26.010 GMT [51]     LOCATION:  LogCheckpointEnd, xlog.c:6750
2024-11-18 21:52:26.150 GMT [49]     LOG:  00000: database system is shut down
2024-11-18 21:52:26.150 GMT [49]     LOCATION:  UnlinkLockFiles, miscinit.c:1171
