2024-11-18 22:19:13.554 GMT [1]     LOG:  00000: starting PostgreSQL 17.1 (Debian 17.1-1.pgdg120+1) on x86_64-pc-linux-gnu, compiled by gcc (Debian 12.2.0-14) 12.2.0, 64-bit
2024-11-18 22:19:13.554 GMT [1]     LOCATION:  PostmasterMain, postmaster.c:1080
2024-11-18 22:19:13.555 GMT [1]     LOG:  00000: listening on IPv4 address "0.0.0.0", port 5432
2024-11-18 22:19:13.555 GMT [1]     LOCATION:  ListenServerPort, pqcomm.c:661
2024-11-18 22:19:13.555 GMT [1]     LOG:  00000: listening on IPv6 address "::", port 5432
2024-11-18 22:19:13.555 GMT [1]     LOCATION:  ListenServerPort, pqcomm.c:661
2024-11-18 22:19:13.574 GMT [1]     LOG:  00000: listening on Unix socket "/var/run/postgresql/.s.PGSQL.5432"
2024-11-18 22:19:13.574 GMT [1]     LOCATION:  ListenServerPort, pqcomm.c:657
2024-11-18 22:19:13.662 GMT [30]     LOG:  00000: database system was shut down at 2024-11-18 22:18:58 GMT
2024-11-18 22:19:13.662 GMT [30]     LOCATION:  StartupXLOG, xlog.c:5445
2024-11-18 22:19:13.783 GMT [1]     LOG:  00000: database system is ready to accept connections
2024-11-18 22:19:13.783 GMT [1]     LOCATION:  process_pm_child_exit, postmaster.c:2483
2024-11-18 22:24:13.658 GMT [28]     LOG:  00000: checkpoint starting: time
2024-11-18 22:24:13.658 GMT [28]     LOCATION:  LogCheckpointStart, xlog.c:6661
2024-11-18 22:24:13.776 GMT [28]     LOG:  00000: checkpoint complete: wrote 3 buffers (0.0%); 0 WAL file(s) added, 0 removed, 0 recycled; write=0.030 s, sync=0.010 s, total=0.119 s; sync files=2, longest=0.006 s, average=0.005 s; distance=0 kB, estimate=0 kB; lsn=0/2EA2220, redo lsn=0/2EA21C8
2024-11-18 22:24:13.776 GMT [28]     LOCATION:  LogCheckpointEnd, xlog.c:6750
2024-11-18 22:31:33.311 GMT [1]     LOG:  00000: received fast shutdown request
2024-11-18 22:31:33.311 GMT [1]     LOCATION:  process_pm_shutdown_request, postmaster.c:2273
2024-11-18 22:31:33.322 GMT [1]     LOG:  00000: aborting any active transactions
2024-11-18 22:31:33.322 GMT [1]     LOCATION:  process_pm_shutdown_request, postmaster.c:2291
2024-11-18 22:31:33.325 GMT [44] orders postgres [unknown] 172.18.0.3 FATAL:  57P01: terminating connection due to administrator command
2024-11-18 22:31:33.325 GMT [44] orders postgres [unknown] 172.18.0.3 LOCATION:  ProcessInterrupts, postgres.c:3315
2024-11-18 22:31:33.345 GMT [1]     LOG:  00000: background worker "logical replication launcher" (PID 33) exited with exit code 1
2024-11-18 22:31:33.345 GMT [1]     LOCATION:  LogChildExit, postmaster.c:3076
2024-11-18 22:31:33.346 GMT [28]     LOG:  00000: shutting down
2024-11-18 22:31:33.346 GMT [28]     LOCATION:  ShutdownXLOG, xlog.c:6611
2024-11-18 22:31:33.356 GMT [28]     LOG:  00000: checkpoint starting: shutdown immediate
2024-11-18 22:31:33.356 GMT [28]     LOCATION:  LogCheckpointStart, xlog.c:6661
2024-11-18 22:31:33.460 GMT [28]     LOG:  00000: checkpoint complete: wrote 0 buffers (0.0%); 0 WAL file(s) added, 0 removed, 0 recycled; write=0.022 s, sync=0.001 s, total=0.114 s; sync files=0, longest=0.000 s, average=0.000 s; distance=0 kB, estimate=0 kB; lsn=0/2EA22D0, redo lsn=0/2EA22D0
2024-11-18 22:31:33.460 GMT [28]     LOCATION:  LogCheckpointEnd, xlog.c:6750
2024-11-18 22:31:33.521 GMT [1]     LOG:  00000: database system is shut down
2024-11-18 22:31:33.521 GMT [1]     LOCATION:  UnlinkLockFiles, miscinit.c:1171
